<?xml version="1.0" encoding="UTF-8"?>
<!-- Generated by org.testng.reporters.JUnitReportReporter -->
<testsuite hostname="DESKTOP-99V8QGI" failures="0" tests="1" name="com.testng.selenium.v1.testng1" time="0.895" errors="0" timestamp="2024-09-16T14:41:08 IST" skipped="0">
  <testcase classname="com.testng.selenium.v1.testng1" name="loadUrlTest" time="0.895"/>
  <system-out/>
</testsuite> <!-- com.testng.selenium.v1.testng1 -->
