<?xml version="1.0" encoding="UTF-8"?>
<!-- Generated by org.testng.reporters.JUnitReportReporter -->
<testsuite hostname="DESKTOP-99V8QGI" failures="0" tests="1" name="com.testng.selenium.v1.testng1" time="1.099" errors="0" timestamp="2024-09-12T16:15:36 IST" skipped="0">
  <testcase classname="com.testng.selenium.v1.testng1" name="loadUrlTest" time="1.099"/>
  <system-out/>
</testsuite> <!-- com.testng.selenium.v1.testng1 -->
